0 0 0 0 0 0 0 0 1228 1204 1224 1224 1204 1228 1214 1209 
2489 0 0 0 0 0 0 0 1234 1214 1211 1228 1207 1217 1228 1207 
2490 0 0 0 0 0 0 0 1207 1224 1224 1204 1229 1214 1209 1229 
2489 0 0 0 0 0 0 0 1229 1215 1207 1228 1214 1215 1228 1204 
2490 0 0 0 0 0 0 0 1207 1215 1228 1207 1215 1228 1207 1215 
2490 0 0 0 0 0 0 0 1224 1223 1204 1225 1224 1204 1225 1224 
2490 0 0 0 0 0 0 0 1213 1207 1228 1213 1207 1229 1214 1207 
2490 0 0 0 0 0 0 0 1216 1225 1204 1216 1228 1204 1215 1228 
2490 0 0 0 0 0 0 0 1209 1214 1228 1222 1204 1225 1222 1204 
2490 0 0 0 0 0 0 0 1224 1222 1204 1229 1213 1209 1231 1209 
2491 0 0 0 0 0 0 0 1207 1215 1228 1204 1214 1228 1204 1215 
2489 0 0 0 0 0 0 0 1225 1222 1204 1226 1217 1204 1225 1222 
2490 0 0 0 0 0 0 0 1214 1209 1229 1213 1209 1229 1213 1209 
2490 0 0 0 0 0 0 0 1229 1225 1204 1216 1225 1204 1216 1228 
2490 0 0 0 0 0 0 0 1211 1214 1228 1204 1201 1226 1217 1204 
2489 0 0 0 0 0 0 0 1224 1224 1204 1228 1213 1209 1229 1211 
2490 0 0 0 0 0 0 0 1207 1215 1226 1204 1217 1228 1204 1216 
2490 0 0 0 0 0 0 0 1228 1222 1204 1225 1216 1204 1226 1217 
2490 0 0 0 0 0 0 0 1213 1207 1229 1211 1209 1229 1211 1209 
2490 0 0 0 0 0 0 0 1228 1216 1204 1216 1225 1204 1217 1225 
2490 0 0 0 0 0 0 0 1211 1213 1228 1204 1223 1222 1216 1204 
2489 0 0 0 0 0 0 0 1222 1224 1204 1228 1214 1204 1228 1209 
2490 0 0 0 0 0 0 0 1209 1215 1228 1204 1217 1225 1204 1217 
2490 0 0 0 0 0 0 0 1225 1222 1204 1228 1216 1204 1228 1215 
2490 0 0 0 0 0 0 0 1213 1204 1229 1209 1213 1229 1209 1211 
2490 0 0 0 0 0 0 0 1226 1216 1207 1229 1225 1204 1223 1224 
2490 0 0 0 0 0 0 0 1213 1209 1228 1204 1219 1224 1204 1204 
2490 0 0 0 0 0 0 0 1217 1225 1204 1225 1216 1204 1228 1207 
2490 0 0 0 0 0 0 0 1207 1215 1226 1204 1219 1225 1204 1222 
2490 0 0 0 0 0 0 0 1226 1217 1204 1228 1216 1204 1228 1214 
2490 0 0 0 0 0 0 0 1209 1216 1228 1209 1211 1228 1209 1213 
2491 0 0 0 0 0 0 0 1226 1217 1204 1228 1209 1202 1224 1224 
2490 0 0 0 0 0 0 0 1214 1211 1229 1204 1217 1224 1204 1226 
2488 0 0 0 0 0 0 0 1229 1213 1209 1229 1209 1213 1229 1209 
2490 0 0 0 